<?xml version="1.0" encoding="UTF-8"?>
<!-- Generated by org.testng.reporters.JUnitXMLReporter -->
<testsuite ignored="0" hostname="seema97" failures="1" tests="10" name="E-Commerse Test" time="46.823" errors="0" timestamp="2025-01-28T19:48:04 IST">
  <testcase classname="e_Com.tests.RegisterTest" name="verifyregisteringwithsameemail" time="1.585"/>
  <testcase classname="e_Com.tests.RegisterTest" name="verifyregisteringanaccwithmandatoryfeild" time="1.826"/>
  <testcase classname="e_Com.tests.RegisterTest" name="verifyregisteraccbyprovidingallfeild" time="1.94"/>
  <testcase classname="e_Com.tests.SearchTest" name="verifysearchwithvalidprduct" time="0.565"/>
  <testcase classname="e_Com.tests.SearchTest" name="verifysearchwithinvalidprduct" time="0.553">
    <failure type="java.lang.AssertionError" message="WarningMsgForSearchingInvalidProduct expected [abcd] but found [Products meeting the search criteria]">
      <![CDATA[java.lang.AssertionError: WarningMsgForSearchingInvalidProduct expected [abcd] but found [Products meeting the search criteria]
at e_Com.tests.SearchTest.verifysearchwithinvalidprduct(SearchTest.java:43)
at java.base/java.util.ArrayList.forEach(ArrayList.java:1596)
... Removed 30 stack frames]]>
    </failure>
  </testcase> <!-- verifysearchwithinvalidprduct -->
  <testcase classname="e_Com.tests.SearchTest" name="verifysearchwithutenteringproduct" time="0.0">
    <skipped/>
  </testcase> <!-- verifysearchwithutenteringproduct -->
  <testcase classname="e_Com.tests.LoginTest" name="wrongemailpassverifyerrormsg" time="0.966"/>
  <testcase classname="e_Com.tests.LoginTest" name="correctemailwrongpass" time="0.897"/>
  <testcase classname="e_Com.tests.LoginTest" name="wrongemailcorrectpass" time="0.904"/>
  <testcase classname="e_Com.tests.LoginTest" name="verifylogingusingcorrectemailpass" time="0.0">
    <skipped/>
  </testcase> <!-- verifylogingusingcorrectemailpass -->
</testsuite> <!-- E-Commerse Test -->
